[2024-12-24 05:49:41] local.ERROR: Database connection [todo] not configured. {"exception":"[object] (InvalidArgumentException(code: 0): Database connection [todo] not configured. at /home/zen/Desktop/todolist/todo-app/vendor/laravel/framework/src/Illuminate/Database/DatabaseManager.php:227)
[stacktrace]
#0 /home/zen/Desktop/todolist/todo-app/vendor/laravel/framework/src/Illuminate/Database/DatabaseManager.php(191): Illuminate\\Database\\DatabaseManager->configuration('todo')
#1 /home/zen/Desktop/todolist/todo-app/vendor/laravel/framework/src/Illuminate/Database/DatabaseManager.php(103): Illuminate\\Database\\DatabaseManager->makeConnection('todo')
#2 /home/zen/Desktop/todolist/todo-app/vendor/laravel/framework/src/Illuminate/Database/Migrations/DatabaseMigrationRepository.php(226): Illuminate\\Database\\DatabaseManager->connection('todo')
#3 /home/zen/Desktop/todolist/todo-app/vendor/laravel/framework/src/Illuminate/Database/Migrations/DatabaseMigrationRepository.php(182): Illuminate\\Database\\Migrations\\DatabaseMigrationRepository->getConnection()
#4 /home/zen/Desktop/todolist/todo-app/vendor/laravel/framework/src/Illuminate/Database/Migrations/Migrator.php(681): Illuminate\\Database\\Migrations\\DatabaseMigrationRepository->repositoryExists()
#5 /home/zen/Desktop/todolist/todo-app/vendor/laravel/framework/src/Illuminate/Database/Console/Migrations/MigrateCommand.php(164): Illuminate\\Database\\Migrations\\Migrator->repositoryExists()
#6 /home/zen/Desktop/todolist/todo-app/vendor/laravel/framework/src/Illuminate/Support/helpers.php(338): Illuminate\\Database\\Console\\Migrations\\MigrateCommand->{closure:Illuminate\\Database\\Console\\Migrations\\MigrateCommand::repositoryExists():164}(1)
#7 /home/zen/Desktop/todolist/todo-app/vendor/laravel/framework/src/Illuminate/Database/Console/Migrations/MigrateCommand.php(164): retry(1, Object(Closure), 0, Object(Closure))
#8 /home/zen/Desktop/todolist/todo-app/vendor/laravel/framework/src/Illuminate/Database/Console/Migrations/MigrateCommand.php(140): Illuminate\\Database\\Console\\Migrations\\MigrateCommand->repositoryExists()
#9 /home/zen/Desktop/todolist/todo-app/vendor/laravel/framework/src/Illuminate/Database/Console/Migrations/MigrateCommand.php(110): Illuminate\\Database\\Console\\Migrations\\MigrateCommand->prepareDatabase()
#10 /home/zen/Desktop/todolist/todo-app/vendor/laravel/framework/src/Illuminate/Database/Migrations/Migrator.php(616): Illuminate\\Database\\Console\\Migrations\\MigrateCommand->{closure:Illuminate\\Database\\Console\\Migrations\\MigrateCommand::runMigrations():109}()
#11 /home/zen/Desktop/todolist/todo-app/vendor/laravel/framework/src/Illuminate/Database/Console/Migrations/MigrateCommand.php(109): Illuminate\\Database\\Migrations\\Migrator->usingConnection(NULL, Object(Closure))
#12 /home/zen/Desktop/todolist/todo-app/vendor/laravel/framework/src/Illuminate/Database/Console/Migrations/MigrateCommand.php(88): Illuminate\\Database\\Console\\Migrations\\MigrateCommand->runMigrations()
#13 /home/zen/Desktop/todolist/todo-app/vendor/laravel/framework/src/Illuminate/Container/BoundMethod.php(36): Illuminate\\Database\\Console\\Migrations\\MigrateCommand->handle()
#14 /home/zen/Desktop/todolist/todo-app/vendor/laravel/framework/src/Illuminate/Container/Util.php(43): Illuminate\\Container\\BoundMethod::{closure:Illuminate\\Container\\BoundMethod::call():35}()
#15 /home/zen/Desktop/todolist/todo-app/vendor/laravel/framework/src/Illuminate/Container/BoundMethod.php(95): Illuminate\\Container\\Util::unwrapIfClosure(Object(Closure))
#16 /home/zen/Desktop/todolist/todo-app/vendor/laravel/framework/src/Illuminate/Container/BoundMethod.php(35): Illuminate\\Container\\BoundMethod::callBoundMethod(Object(Illuminate\\Foundation\\Application), Array, Object(Closure))
#17 /home/zen/Desktop/todolist/todo-app/vendor/laravel/framework/src/Illuminate/Container/Container.php(694): Illuminate\\Container\\BoundMethod::call(Object(Illuminate\\Foundation\\Application), Array, Array, NULL)
#18 /home/zen/Desktop/todolist/todo-app/vendor/laravel/framework/src/Illuminate/Console/Command.php(213): Illuminate\\Container\\Container->call(Array)
#19 /home/zen/Desktop/todolist/todo-app/vendor/symfony/console/Command/Command.php(279): Illuminate\\Console\\Command->execute(Object(Symfony\\Component\\Console\\Input\\ArgvInput), Object(Illuminate\\Console\\OutputStyle))
#20 /home/zen/Desktop/todolist/todo-app/vendor/laravel/framework/src/Illuminate/Console/Command.php(182): Symfony\\Component\\Console\\Command\\Command->run(Object(Symfony\\Component\\Console\\Input\\ArgvInput), Object(Illuminate\\Console\\OutputStyle))
#21 /home/zen/Desktop/todolist/todo-app/vendor/symfony/console/Application.php(1094): Illuminate\\Console\\Command->run(Object(Symfony\\Component\\Console\\Input\\ArgvInput), Object(Symfony\\Component\\Console\\Output\\ConsoleOutput))
#22 /home/zen/Desktop/todolist/todo-app/vendor/symfony/console/Application.php(342): Symfony\\Component\\Console\\Application->doRunCommand(Object(Illuminate\\Database\\Console\\Migrations\\MigrateCommand), Object(Symfony\\Component\\Console\\Input\\ArgvInput), Object(Symfony\\Component\\Console\\Output\\ConsoleOutput))
#23 /home/zen/Desktop/todolist/todo-app/vendor/symfony/console/Application.php(193): Symfony\\Component\\Console\\Application->doRun(Object(Symfony\\Component\\Console\\Input\\ArgvInput), Object(Symfony\\Component\\Console\\Output\\ConsoleOutput))
#24 /home/zen/Desktop/todolist/todo-app/vendor/laravel/framework/src/Illuminate/Foundation/Console/Kernel.php(198): Symfony\\Component\\Console\\Application->run(Object(Symfony\\Component\\Console\\Input\\ArgvInput), Object(Symfony\\Component\\Console\\Output\\ConsoleOutput))
#25 /home/zen/Desktop/todolist/todo-app/vendor/laravel/framework/src/Illuminate/Foundation/Application.php(1205): Illuminate\\Foundation\\Console\\Kernel->handle(Object(Symfony\\Component\\Console\\Input\\ArgvInput), Object(Symfony\\Component\\Console\\Output\\ConsoleOutput))
#26 /home/zen/Desktop/todolist/todo-app/artisan(13): Illuminate\\Foundation\\Application->handleCommand(Object(Symfony\\Component\\Console\\Input\\ArgvInput))
#27 {main}
"} 
[2024-12-24 05:52:02] local.ERROR: Class "TodoController" does not exist {"exception":"[object] (ReflectionException(code: -1): Class \"TodoController\" does not exist at /home/zen/Desktop/todolist/todo-app/vendor/laravel/framework/src/Illuminate/Foundation/Console/RouteListCommand.php:235)
[stacktrace]
#0 /home/zen/Desktop/todolist/todo-app/vendor/laravel/framework/src/Illuminate/Foundation/Console/RouteListCommand.php(235): ReflectionClass->__construct('TodoController')
#1 /home/zen/Desktop/todolist/todo-app/vendor/laravel/framework/src/Illuminate/Foundation/Console/RouteListCommand.php(149): Illuminate\\Foundation\\Console\\RouteListCommand->isVendorRoute(Object(Illuminate\\Routing\\Route))
#2 /home/zen/Desktop/todolist/todo-app/vendor/laravel/framework/src/Illuminate/Foundation/Console/RouteListCommand.php(118): Illuminate\\Foundation\\Console\\RouteListCommand->getRouteInformation(Object(Illuminate\\Routing\\Route))
#3 [internal function]: Illuminate\\Foundation\\Console\\RouteListCommand->{closure:Illuminate\\Foundation\\Console\\RouteListCommand::getRoutes():117}(Object(Illuminate\\Routing\\Route), 2)
#4 /home/zen/Desktop/todolist/todo-app/vendor/laravel/framework/src/Illuminate/Collections/Arr.php(609): array_map(Object(Closure), Array, Array)
#5 /home/zen/Desktop/todolist/todo-app/vendor/laravel/framework/src/Illuminate/Collections/Collection.php(795): Illuminate\\Support\\Arr::map(Array, Object(Closure))
#6 /home/zen/Desktop/todolist/todo-app/vendor/laravel/framework/src/Illuminate/Foundation/Console/RouteListCommand.php(117): Illuminate\\Support\\Collection->map(Object(Closure))
#7 /home/zen/Desktop/todolist/todo-app/vendor/laravel/framework/src/Illuminate/Foundation/Console/RouteListCommand.php(103): Illuminate\\Foundation\\Console\\RouteListCommand->getRoutes()
#8 /home/zen/Desktop/todolist/todo-app/vendor/laravel/framework/src/Illuminate/Container/BoundMethod.php(36): Illuminate\\Foundation\\Console\\RouteListCommand->handle()
#9 /home/zen/Desktop/todolist/todo-app/vendor/laravel/framework/src/Illuminate/Container/Util.php(43): Illuminate\\Container\\BoundMethod::{closure:Illuminate\\Container\\BoundMethod::call():35}()
#10 /home/zen/Desktop/todolist/todo-app/vendor/laravel/framework/src/Illuminate/Container/BoundMethod.php(95): Illuminate\\Container\\Util::unwrapIfClosure(Object(Closure))
#11 /home/zen/Desktop/todolist/todo-app/vendor/laravel/framework/src/Illuminate/Container/BoundMethod.php(35): Illuminate\\Container\\BoundMethod::callBoundMethod(Object(Illuminate\\Foundation\\Application), Array, Object(Closure))
#12 /home/zen/Desktop/todolist/todo-app/vendor/laravel/framework/src/Illuminate/Container/Container.php(694): Illuminate\\Container\\BoundMethod::call(Object(Illuminate\\Foundation\\Application), Array, Array, NULL)
#13 /home/zen/Desktop/todolist/todo-app/vendor/laravel/framework/src/Illuminate/Console/Command.php(213): Illuminate\\Container\\Container->call(Array)
#14 /home/zen/Desktop/todolist/todo-app/vendor/symfony/console/Command/Command.php(279): Illuminate\\Console\\Command->execute(Object(Symfony\\Component\\Console\\Input\\ArgvInput), Object(Illuminate\\Console\\OutputStyle))
#15 /home/zen/Desktop/todolist/todo-app/vendor/laravel/framework/src/Illuminate/Console/Command.php(182): Symfony\\Component\\Console\\Command\\Command->run(Object(Symfony\\Component\\Console\\Input\\ArgvInput), Object(Illuminate\\Console\\OutputStyle))
#16 /home/zen/Desktop/todolist/todo-app/vendor/symfony/console/Application.php(1094): Illuminate\\Console\\Command->run(Object(Symfony\\Component\\Console\\Input\\ArgvInput), Object(Symfony\\Component\\Console\\Output\\ConsoleOutput))
#17 /home/zen/Desktop/todolist/todo-app/vendor/symfony/console/Application.php(342): Symfony\\Component\\Console\\Application->doRunCommand(Object(Illuminate\\Foundation\\Console\\RouteListCommand), Object(Symfony\\Component\\Console\\Input\\ArgvInput), Object(Symfony\\Component\\Console\\Output\\ConsoleOutput))
#18 /home/zen/Desktop/todolist/todo-app/vendor/symfony/console/Application.php(193): Symfony\\Component\\Console\\Application->doRun(Object(Symfony\\Component\\Console\\Input\\ArgvInput), Object(Symfony\\Component\\Console\\Output\\ConsoleOutput))
#19 /home/zen/Desktop/todolist/todo-app/vendor/laravel/framework/src/Illuminate/Foundation/Console/Kernel.php(198): Symfony\\Component\\Console\\Application->run(Object(Symfony\\Component\\Console\\Input\\ArgvInput), Object(Symfony\\Component\\Console\\Output\\ConsoleOutput))
#20 /home/zen/Desktop/todolist/todo-app/vendor/laravel/framework/src/Illuminate/Foundation/Application.php(1205): Illuminate\\Foundation\\Console\\Kernel->handle(Object(Symfony\\Component\\Console\\Input\\ArgvInput), Object(Symfony\\Component\\Console\\Output\\ConsoleOutput))
#21 /home/zen/Desktop/todolist/todo-app/artisan(13): Illuminate\\Foundation\\Application->handleCommand(Object(Symfony\\Component\\Console\\Input\\ArgvInput))
#22 {main}
"} 
[2024-12-24 05:58:30] local.ERROR: $ref "#/components/schemas/" not found for @OA\Items() in \App\Http\Controllers\Api\TodoController->index() in /home/zen/Desktop/todolist/todo-app/app/Http/Controllers/Api/TodoController.php on line 33 {"exception":"[object] (ErrorException(code: 0): $ref \"#/components/schemas/\" not found for @OA\\Items() in \\App\\Http\\Controllers\\Api\\TodoController->index() in /home/zen/Desktop/todolist/todo-app/app/Http/Controllers/Api/TodoController.php on line 33 at /home/zen/Desktop/todolist/todo-app/vendor/zircote/swagger-php/src/Loggers/DefaultLogger.php:31)
[stacktrace]
#0 /home/zen/Desktop/todolist/todo-app/vendor/laravel/framework/src/Illuminate/Foundation/Bootstrap/HandleExceptions.php(290): Illuminate\\Foundation\\Bootstrap\\HandleExceptions->handleError(512, '$ref \"#/compone...', '/home/zen/Deskt...', 31)
#1 [internal function]: Illuminate\\Foundation\\Bootstrap\\HandleExceptions->{closure:Illuminate\\Foundation\\Bootstrap\\HandleExceptions::forwardsTo():289}(512, '$ref \"#/compone...', '/home/zen/Deskt...', 31)
#2 /home/zen/Desktop/todolist/todo-app/vendor/zircote/swagger-php/src/Loggers/DefaultLogger.php(31): trigger_error('$ref \"#/compone...', 512)
#3 /home/zen/Desktop/todolist/todo-app/vendor/psr/log/src/LoggerTrait.php(61): OpenApi\\Loggers\\DefaultLogger->log('warning', '$ref \"#/compone...', Array)
#4 /home/zen/Desktop/todolist/todo-app/vendor/zircote/swagger-php/src/Annotations/AbstractAnnotation.php(511): Psr\\Log\\AbstractLogger->warning('$ref \"#/compone...', Array)
#5 /home/zen/Desktop/todolist/todo-app/vendor/zircote/swagger-php/src/Annotations/Schema.php(517): OpenApi\\Annotations\\AbstractAnnotation->validate(Array, Array, '#/paths/0/get/r...', Object(stdClass))
#6 /home/zen/Desktop/todolist/todo-app/vendor/zircote/swagger-php/src/Annotations/Items.php(50): OpenApi\\Annotations\\Schema->validate(Array, Array, '#/paths/0/get/r...', Object(stdClass))
#7 /home/zen/Desktop/todolist/todo-app/vendor/zircote/swagger-php/src/Annotations/AbstractAnnotation.php(592): OpenApi\\Annotations\\Items->validate(Array, Array, '#/paths/0/get/r...', Object(stdClass))
#8 /home/zen/Desktop/todolist/todo-app/vendor/zircote/swagger-php/src/Annotations/AbstractAnnotation.php(565): OpenApi\\Annotations\\AbstractAnnotation::_validate(Object(OpenApi\\Annotations\\JsonContent), Array, Array, '#/paths/0/get/r...', Object(stdClass))
#9 /home/zen/Desktop/todolist/todo-app/vendor/zircote/swagger-php/src/Annotations/Schema.php(517): OpenApi\\Annotations\\AbstractAnnotation->validate(Array, Array, '#/paths/0/get/r...', Object(stdClass))
#10 /home/zen/Desktop/todolist/todo-app/vendor/zircote/swagger-php/src/Annotations/AbstractAnnotation.php(592): OpenApi\\Annotations\\Schema->validate(Array, Array, '#/paths/0/get/r...', Object(stdClass))
#11 /home/zen/Desktop/todolist/todo-app/vendor/zircote/swagger-php/src/Annotations/AbstractAnnotation.php(565): OpenApi\\Annotations\\AbstractAnnotation::_validate(Object(OpenApi\\Annotations\\MediaType), Array, Array, '#/paths/0/get/r...', Object(stdClass))
#12 /home/zen/Desktop/todolist/todo-app/vendor/zircote/swagger-php/src/Annotations/AbstractAnnotation.php(592): OpenApi\\Annotations\\AbstractAnnotation->validate(Array, Array, '#/paths/0/get/r...', Object(stdClass))
#13 /home/zen/Desktop/todolist/todo-app/vendor/zircote/swagger-php/src/Annotations/AbstractAnnotation.php(598): OpenApi\\Annotations\\AbstractAnnotation::_validate(Array, Array, Array, '#/paths/0/get/r...', Object(stdClass))
#14 /home/zen/Desktop/todolist/todo-app/vendor/zircote/swagger-php/src/Annotations/AbstractAnnotation.php(565): OpenApi\\Annotations\\AbstractAnnotation::_validate(Object(OpenApi\\Annotations\\Response), Array, Array, '#/paths/0/get/r...', Object(stdClass))
#15 /home/zen/Desktop/todolist/todo-app/vendor/zircote/swagger-php/src/Annotations/Response.php(121): OpenApi\\Annotations\\AbstractAnnotation->validate(Array, Array, '#/paths/0/get/r...', Object(stdClass))
#16 /home/zen/Desktop/todolist/todo-app/vendor/zircote/swagger-php/src/Annotations/AbstractAnnotation.php(592): OpenApi\\Annotations\\Response->validate(Array, Array, '#/paths/0/get/r...', Object(stdClass))
#17 /home/zen/Desktop/todolist/todo-app/vendor/zircote/swagger-php/src/Annotations/AbstractAnnotation.php(598): OpenApi\\Annotations\\AbstractAnnotation::_validate(Array, Array, Array, '#/paths/0/get/r...', Object(stdClass))
#18 /home/zen/Desktop/todolist/todo-app/vendor/zircote/swagger-php/src/Annotations/AbstractAnnotation.php(565): OpenApi\\Annotations\\AbstractAnnotation::_validate(Object(OpenApi\\Annotations\\Get), Array, Array, '#/paths/0/get', Object(stdClass))
#19 /home/zen/Desktop/todolist/todo-app/vendor/zircote/swagger-php/src/Annotations/Operation.php(223): OpenApi\\Annotations\\AbstractAnnotation->validate(Array, Array, '#/paths/0/get', Object(stdClass))
#20 /home/zen/Desktop/todolist/todo-app/vendor/zircote/swagger-php/src/Annotations/AbstractAnnotation.php(592): OpenApi\\Annotations\\Operation->validate(Array, Array, '#/paths/0/get', Object(stdClass))
#21 /home/zen/Desktop/todolist/todo-app/vendor/zircote/swagger-php/src/Annotations/AbstractAnnotation.php(565): OpenApi\\Annotations\\AbstractAnnotation::_validate(Object(OpenApi\\Annotations\\PathItem), Array, Array, '#/paths/0', Object(stdClass))
#22 /home/zen/Desktop/todolist/todo-app/vendor/zircote/swagger-php/src/Annotations/AbstractAnnotation.php(592): OpenApi\\Annotations\\AbstractAnnotation->validate(Array, Array, '#/paths/0', Object(stdClass))
#23 /home/zen/Desktop/todolist/todo-app/vendor/zircote/swagger-php/src/Annotations/AbstractAnnotation.php(598): OpenApi\\Annotations\\AbstractAnnotation::_validate(Array, Array, Array, '#/paths', Object(stdClass))
#24 /home/zen/Desktop/todolist/todo-app/vendor/zircote/swagger-php/src/Annotations/AbstractAnnotation.php(565): OpenApi\\Annotations\\AbstractAnnotation::_validate(Object(OpenApi\\Annotations\\OpenApi), Array, Array, '#', Object(stdClass))
#25 /home/zen/Desktop/todolist/todo-app/vendor/zircote/swagger-php/src/Annotations/OpenApi.php(170): OpenApi\\Annotations\\AbstractAnnotation->validate(Array, Array, '#', Object(stdClass))
#26 /home/zen/Desktop/todolist/todo-app/vendor/zircote/swagger-php/src/Analysis.php(440): OpenApi\\Annotations\\OpenApi->validate()
#27 /home/zen/Desktop/todolist/todo-app/vendor/zircote/swagger-php/src/Generator.php(511): OpenApi\\Analysis->validate()
#28 /home/zen/Desktop/todolist/todo-app/vendor/darkaonline/l5-swagger/src/Generator.php(191): OpenApi\\Generator->generate(Object(Symfony\\Component\\Finder\\Finder), Object(OpenApi\\Analysis))
#29 /home/zen/Desktop/todolist/todo-app/vendor/darkaonline/l5-swagger/src/Generator.php(132): L5Swagger\\Generator->scanFilesForDocumentation()
#30 /home/zen/Desktop/todolist/todo-app/vendor/darkaonline/l5-swagger/src/Console/GenerateDocsCommand.php(72): L5Swagger\\Generator->generateDocs()
#31 /home/zen/Desktop/todolist/todo-app/vendor/darkaonline/l5-swagger/src/Console/GenerateDocsCommand.php(58): L5Swagger\\Console\\GenerateDocsCommand->generateDocumentation(Object(L5Swagger\\GeneratorFactory), 'default')
#32 /home/zen/Desktop/todolist/todo-app/vendor/laravel/framework/src/Illuminate/Container/BoundMethod.php(36): L5Swagger\\Console\\GenerateDocsCommand->handle(Object(L5Swagger\\GeneratorFactory))
#33 /home/zen/Desktop/todolist/todo-app/vendor/laravel/framework/src/Illuminate/Container/Util.php(43): Illuminate\\Container\\BoundMethod::{closure:Illuminate\\Container\\BoundMethod::call():35}()
#34 /home/zen/Desktop/todolist/todo-app/vendor/laravel/framework/src/Illuminate/Container/BoundMethod.php(95): Illuminate\\Container\\Util::unwrapIfClosure(Object(Closure))
#35 /home/zen/Desktop/todolist/todo-app/vendor/laravel/framework/src/Illuminate/Container/BoundMethod.php(35): Illuminate\\Container\\BoundMethod::callBoundMethod(Object(Illuminate\\Foundation\\Application), Array, Object(Closure))
#36 /home/zen/Desktop/todolist/todo-app/vendor/laravel/framework/src/Illuminate/Container/Container.php(694): Illuminate\\Container\\BoundMethod::call(Object(Illuminate\\Foundation\\Application), Array, Array, NULL)
#37 /home/zen/Desktop/todolist/todo-app/vendor/laravel/framework/src/Illuminate/Console/Command.php(213): Illuminate\\Container\\Container->call(Array)
#38 /home/zen/Desktop/todolist/todo-app/vendor/symfony/console/Command/Command.php(279): Illuminate\\Console\\Command->execute(Object(Symfony\\Component\\Console\\Input\\ArgvInput), Object(Illuminate\\Console\\OutputStyle))
#39 /home/zen/Desktop/todolist/todo-app/vendor/laravel/framework/src/Illuminate/Console/Command.php(182): Symfony\\Component\\Console\\Command\\Command->run(Object(Symfony\\Component\\Console\\Input\\ArgvInput), Object(Illuminate\\Console\\OutputStyle))
#40 /home/zen/Desktop/todolist/todo-app/vendor/symfony/console/Application.php(1094): Illuminate\\Console\\Command->run(Object(Symfony\\Component\\Console\\Input\\ArgvInput), Object(Symfony\\Component\\Console\\Output\\ConsoleOutput))
#41 /home/zen/Desktop/todolist/todo-app/vendor/symfony/console/Application.php(342): Symfony\\Component\\Console\\Application->doRunCommand(Object(L5Swagger\\Console\\GenerateDocsCommand), Object(Symfony\\Component\\Console\\Input\\ArgvInput), Object(Symfony\\Component\\Console\\Output\\ConsoleOutput))
#42 /home/zen/Desktop/todolist/todo-app/vendor/symfony/console/Application.php(193): Symfony\\Component\\Console\\Application->doRun(Object(Symfony\\Component\\Console\\Input\\ArgvInput), Object(Symfony\\Component\\Console\\Output\\ConsoleOutput))
#43 /home/zen/Desktop/todolist/todo-app/vendor/laravel/framework/src/Illuminate/Foundation/Console/Kernel.php(198): Symfony\\Component\\Console\\Application->run(Object(Symfony\\Component\\Console\\Input\\ArgvInput), Object(Symfony\\Component\\Console\\Output\\ConsoleOutput))
#44 /home/zen/Desktop/todolist/todo-app/vendor/laravel/framework/src/Illuminate/Foundation/Application.php(1205): Illuminate\\Foundation\\Console\\Kernel->handle(Object(Symfony\\Component\\Console\\Input\\ArgvInput), Object(Symfony\\Component\\Console\\Output\\ConsoleOutput))
#45 /home/zen/Desktop/todolist/todo-app/artisan(13): Illuminate\\Foundation\\Application->handleCommand(Object(Symfony\\Component\\Console\\Input\\ArgvInput))
#46 {main}
"} 
[2024-12-24 05:58:45] local.ERROR: $ref "#/components/schemas/" not found for @OA\JsonContent() in \App\Http\Controllers\Api\TodoController->store() in /home/zen/Desktop/todolist/todo-app/app/Http/Controllers/Api/TodoController.php on line 83 {"exception":"[object] (ErrorException(code: 0): $ref \"#/components/schemas/\" not found for @OA\\JsonContent() in \\App\\Http\\Controllers\\Api\\TodoController->store() in /home/zen/Desktop/todolist/todo-app/app/Http/Controllers/Api/TodoController.php on line 83 at /home/zen/Desktop/todolist/todo-app/vendor/zircote/swagger-php/src/Loggers/DefaultLogger.php:31)
[stacktrace]
#0 /home/zen/Desktop/todolist/todo-app/vendor/laravel/framework/src/Illuminate/Foundation/Bootstrap/HandleExceptions.php(290): Illuminate\\Foundation\\Bootstrap\\HandleExceptions->handleError(512, '$ref \"#/compone...', '/home/zen/Deskt...', 31)
#1 [internal function]: Illuminate\\Foundation\\Bootstrap\\HandleExceptions->{closure:Illuminate\\Foundation\\Bootstrap\\HandleExceptions::forwardsTo():289}(512, '$ref \"#/compone...', '/home/zen/Deskt...', 31)
#2 /home/zen/Desktop/todolist/todo-app/vendor/zircote/swagger-php/src/Loggers/DefaultLogger.php(31): trigger_error('$ref \"#/compone...', 512)
#3 /home/zen/Desktop/todolist/todo-app/vendor/psr/log/src/LoggerTrait.php(61): OpenApi\\Loggers\\DefaultLogger->log('warning', '$ref \"#/compone...', Array)
#4 /home/zen/Desktop/todolist/todo-app/vendor/zircote/swagger-php/src/Annotations/AbstractAnnotation.php(511): Psr\\Log\\AbstractLogger->warning('$ref \"#/compone...', Array)
#5 /home/zen/Desktop/todolist/todo-app/vendor/zircote/swagger-php/src/Annotations/Schema.php(517): OpenApi\\Annotations\\AbstractAnnotation->validate(Array, Array, '#/paths/0/post/...', Object(stdClass))
#6 /home/zen/Desktop/todolist/todo-app/vendor/zircote/swagger-php/src/Annotations/AbstractAnnotation.php(592): OpenApi\\Annotations\\Schema->validate(Array, Array, '#/paths/0/post/...', Object(stdClass))
#7 /home/zen/Desktop/todolist/todo-app/vendor/zircote/swagger-php/src/Annotations/AbstractAnnotation.php(565): OpenApi\\Annotations\\AbstractAnnotation::_validate(Object(OpenApi\\Annotations\\MediaType), Array, Array, '#/paths/0/post/...', Object(stdClass))
#8 /home/zen/Desktop/todolist/todo-app/vendor/zircote/swagger-php/src/Annotations/AbstractAnnotation.php(592): OpenApi\\Annotations\\AbstractAnnotation->validate(Array, Array, '#/paths/0/post/...', Object(stdClass))
#9 /home/zen/Desktop/todolist/todo-app/vendor/zircote/swagger-php/src/Annotations/AbstractAnnotation.php(598): OpenApi\\Annotations\\AbstractAnnotation::_validate(Array, Array, Array, '#/paths/0/post/...', Object(stdClass))
#10 /home/zen/Desktop/todolist/todo-app/vendor/zircote/swagger-php/src/Annotations/AbstractAnnotation.php(565): OpenApi\\Annotations\\AbstractAnnotation::_validate(Object(OpenApi\\Annotations\\Response), Array, Array, '#/paths/0/post/...', Object(stdClass))
#11 /home/zen/Desktop/todolist/todo-app/vendor/zircote/swagger-php/src/Annotations/Response.php(121): OpenApi\\Annotations\\AbstractAnnotation->validate(Array, Array, '#/paths/0/post/...', Object(stdClass))
#12 /home/zen/Desktop/todolist/todo-app/vendor/zircote/swagger-php/src/Annotations/AbstractAnnotation.php(592): OpenApi\\Annotations\\Response->validate(Array, Array, '#/paths/0/post/...', Object(stdClass))
#13 /home/zen/Desktop/todolist/todo-app/vendor/zircote/swagger-php/src/Annotations/AbstractAnnotation.php(598): OpenApi\\Annotations\\AbstractAnnotation::_validate(Array, Array, Array, '#/paths/0/post/...', Object(stdClass))
#14 /home/zen/Desktop/todolist/todo-app/vendor/zircote/swagger-php/src/Annotations/AbstractAnnotation.php(565): OpenApi\\Annotations\\AbstractAnnotation::_validate(Object(OpenApi\\Annotations\\Post), Array, Array, '#/paths/0/post', Object(stdClass))
#15 /home/zen/Desktop/todolist/todo-app/vendor/zircote/swagger-php/src/Annotations/Operation.php(223): OpenApi\\Annotations\\AbstractAnnotation->validate(Array, Array, '#/paths/0/post', Object(stdClass))
#16 /home/zen/Desktop/todolist/todo-app/vendor/zircote/swagger-php/src/Annotations/AbstractAnnotation.php(592): OpenApi\\Annotations\\Operation->validate(Array, Array, '#/paths/0/post', Object(stdClass))
#17 /home/zen/Desktop/todolist/todo-app/vendor/zircote/swagger-php/src/Annotations/AbstractAnnotation.php(565): OpenApi\\Annotations\\AbstractAnnotation::_validate(Object(OpenApi\\Annotations\\PathItem), Array, Array, '#/paths/0', Object(stdClass))
#18 /home/zen/Desktop/todolist/todo-app/vendor/zircote/swagger-php/src/Annotations/AbstractAnnotation.php(592): OpenApi\\Annotations\\AbstractAnnotation->validate(Array, Array, '#/paths/0', Object(stdClass))
#19 /home/zen/Desktop/todolist/todo-app/vendor/zircote/swagger-php/src/Annotations/AbstractAnnotation.php(598): OpenApi\\Annotations\\AbstractAnnotation::_validate(Array, Array, Array, '#/paths', Object(stdClass))
#20 /home/zen/Desktop/todolist/todo-app/vendor/zircote/swagger-php/src/Annotations/AbstractAnnotation.php(565): OpenApi\\Annotations\\AbstractAnnotation::_validate(Object(OpenApi\\Annotations\\OpenApi), Array, Array, '#', Object(stdClass))
#21 /home/zen/Desktop/todolist/todo-app/vendor/zircote/swagger-php/src/Annotations/OpenApi.php(170): OpenApi\\Annotations\\AbstractAnnotation->validate(Array, Array, '#', Object(stdClass))
#22 /home/zen/Desktop/todolist/todo-app/vendor/zircote/swagger-php/src/Analysis.php(440): OpenApi\\Annotations\\OpenApi->validate()
#23 /home/zen/Desktop/todolist/todo-app/vendor/zircote/swagger-php/src/Generator.php(511): OpenApi\\Analysis->validate()
#24 /home/zen/Desktop/todolist/todo-app/vendor/darkaonline/l5-swagger/src/Generator.php(191): OpenApi\\Generator->generate(Object(Symfony\\Component\\Finder\\Finder), Object(OpenApi\\Analysis))
#25 /home/zen/Desktop/todolist/todo-app/vendor/darkaonline/l5-swagger/src/Generator.php(132): L5Swagger\\Generator->scanFilesForDocumentation()
#26 /home/zen/Desktop/todolist/todo-app/vendor/darkaonline/l5-swagger/src/Console/GenerateDocsCommand.php(72): L5Swagger\\Generator->generateDocs()
#27 /home/zen/Desktop/todolist/todo-app/vendor/darkaonline/l5-swagger/src/Console/GenerateDocsCommand.php(58): L5Swagger\\Console\\GenerateDocsCommand->generateDocumentation(Object(L5Swagger\\GeneratorFactory), 'default')
#28 /home/zen/Desktop/todolist/todo-app/vendor/laravel/framework/src/Illuminate/Container/BoundMethod.php(36): L5Swagger\\Console\\GenerateDocsCommand->handle(Object(L5Swagger\\GeneratorFactory))
#29 /home/zen/Desktop/todolist/todo-app/vendor/laravel/framework/src/Illuminate/Container/Util.php(43): Illuminate\\Container\\BoundMethod::{closure:Illuminate\\Container\\BoundMethod::call():35}()
#30 /home/zen/Desktop/todolist/todo-app/vendor/laravel/framework/src/Illuminate/Container/BoundMethod.php(95): Illuminate\\Container\\Util::unwrapIfClosure(Object(Closure))
#31 /home/zen/Desktop/todolist/todo-app/vendor/laravel/framework/src/Illuminate/Container/BoundMethod.php(35): Illuminate\\Container\\BoundMethod::callBoundMethod(Object(Illuminate\\Foundation\\Application), Array, Object(Closure))
#32 /home/zen/Desktop/todolist/todo-app/vendor/laravel/framework/src/Illuminate/Container/Container.php(694): Illuminate\\Container\\BoundMethod::call(Object(Illuminate\\Foundation\\Application), Array, Array, NULL)
#33 /home/zen/Desktop/todolist/todo-app/vendor/laravel/framework/src/Illuminate/Console/Command.php(213): Illuminate\\Container\\Container->call(Array)
#34 /home/zen/Desktop/todolist/todo-app/vendor/symfony/console/Command/Command.php(279): Illuminate\\Console\\Command->execute(Object(Symfony\\Component\\Console\\Input\\ArgvInput), Object(Illuminate\\Console\\OutputStyle))
#35 /home/zen/Desktop/todolist/todo-app/vendor/laravel/framework/src/Illuminate/Console/Command.php(182): Symfony\\Component\\Console\\Command\\Command->run(Object(Symfony\\Component\\Console\\Input\\ArgvInput), Object(Illuminate\\Console\\OutputStyle))
#36 /home/zen/Desktop/todolist/todo-app/vendor/symfony/console/Application.php(1094): Illuminate\\Console\\Command->run(Object(Symfony\\Component\\Console\\Input\\ArgvInput), Object(Symfony\\Component\\Console\\Output\\ConsoleOutput))
#37 /home/zen/Desktop/todolist/todo-app/vendor/symfony/console/Application.php(342): Symfony\\Component\\Console\\Application->doRunCommand(Object(L5Swagger\\Console\\GenerateDocsCommand), Object(Symfony\\Component\\Console\\Input\\ArgvInput), Object(Symfony\\Component\\Console\\Output\\ConsoleOutput))
#38 /home/zen/Desktop/todolist/todo-app/vendor/symfony/console/Application.php(193): Symfony\\Component\\Console\\Application->doRun(Object(Symfony\\Component\\Console\\Input\\ArgvInput), Object(Symfony\\Component\\Console\\Output\\ConsoleOutput))
#39 /home/zen/Desktop/todolist/todo-app/vendor/laravel/framework/src/Illuminate/Foundation/Console/Kernel.php(198): Symfony\\Component\\Console\\Application->run(Object(Symfony\\Component\\Console\\Input\\ArgvInput), Object(Symfony\\Component\\Console\\Output\\ConsoleOutput))
#40 /home/zen/Desktop/todolist/todo-app/vendor/laravel/framework/src/Illuminate/Foundation/Application.php(1205): Illuminate\\Foundation\\Console\\Kernel->handle(Object(Symfony\\Component\\Console\\Input\\ArgvInput), Object(Symfony\\Component\\Console\\Output\\ConsoleOutput))
#41 /home/zen/Desktop/todolist/todo-app/artisan(13): Illuminate\\Foundation\\Application->handleCommand(Object(Symfony\\Component\\Console\\Input\\ArgvInput))
#42 {main}
"} 
[2024-12-24 05:59:02] local.ERROR: $ref "#/components/schemas/" not found for @OA\JsonContent() in \App\Http\Controllers\Api\TodoController->show() in /home/zen/Desktop/todolist/todo-app/app/Http/Controllers/Api/TodoController.php on line 140 {"exception":"[object] (ErrorException(code: 0): $ref \"#/components/schemas/\" not found for @OA\\JsonContent() in \\App\\Http\\Controllers\\Api\\TodoController->show() in /home/zen/Desktop/todolist/todo-app/app/Http/Controllers/Api/TodoController.php on line 140 at /home/zen/Desktop/todolist/todo-app/vendor/zircote/swagger-php/src/Loggers/DefaultLogger.php:31)
[stacktrace]
#0 /home/zen/Desktop/todolist/todo-app/vendor/laravel/framework/src/Illuminate/Foundation/Bootstrap/HandleExceptions.php(290): Illuminate\\Foundation\\Bootstrap\\HandleExceptions->handleError(512, '$ref \"#/compone...', '/home/zen/Deskt...', 31)
#1 [internal function]: Illuminate\\Foundation\\Bootstrap\\HandleExceptions->{closure:Illuminate\\Foundation\\Bootstrap\\HandleExceptions::forwardsTo():289}(512, '$ref \"#/compone...', '/home/zen/Deskt...', 31)
#2 /home/zen/Desktop/todolist/todo-app/vendor/zircote/swagger-php/src/Loggers/DefaultLogger.php(31): trigger_error('$ref \"#/compone...', 512)
#3 /home/zen/Desktop/todolist/todo-app/vendor/psr/log/src/LoggerTrait.php(61): OpenApi\\Loggers\\DefaultLogger->log('warning', '$ref \"#/compone...', Array)
#4 /home/zen/Desktop/todolist/todo-app/vendor/zircote/swagger-php/src/Annotations/AbstractAnnotation.php(511): Psr\\Log\\AbstractLogger->warning('$ref \"#/compone...', Array)
#5 /home/zen/Desktop/todolist/todo-app/vendor/zircote/swagger-php/src/Annotations/Schema.php(517): OpenApi\\Annotations\\AbstractAnnotation->validate(Array, Array, '#/paths/1/get/r...', Object(stdClass))
#6 /home/zen/Desktop/todolist/todo-app/vendor/zircote/swagger-php/src/Annotations/AbstractAnnotation.php(592): OpenApi\\Annotations\\Schema->validate(Array, Array, '#/paths/1/get/r...', Object(stdClass))
#7 /home/zen/Desktop/todolist/todo-app/vendor/zircote/swagger-php/src/Annotations/AbstractAnnotation.php(565): OpenApi\\Annotations\\AbstractAnnotation::_validate(Object(OpenApi\\Annotations\\MediaType), Array, Array, '#/paths/1/get/r...', Object(stdClass))
#8 /home/zen/Desktop/todolist/todo-app/vendor/zircote/swagger-php/src/Annotations/AbstractAnnotation.php(592): OpenApi\\Annotations\\AbstractAnnotation->validate(Array, Array, '#/paths/1/get/r...', Object(stdClass))
#9 /home/zen/Desktop/todolist/todo-app/vendor/zircote/swagger-php/src/Annotations/AbstractAnnotation.php(598): OpenApi\\Annotations\\AbstractAnnotation::_validate(Array, Array, Array, '#/paths/1/get/r...', Object(stdClass))
#10 /home/zen/Desktop/todolist/todo-app/vendor/zircote/swagger-php/src/Annotations/AbstractAnnotation.php(565): OpenApi\\Annotations\\AbstractAnnotation::_validate(Object(OpenApi\\Annotations\\Response), Array, Array, '#/paths/1/get/r...', Object(stdClass))
#11 /home/zen/Desktop/todolist/todo-app/vendor/zircote/swagger-php/src/Annotations/Response.php(121): OpenApi\\Annotations\\AbstractAnnotation->validate(Array, Array, '#/paths/1/get/r...', Object(stdClass))
#12 /home/zen/Desktop/todolist/todo-app/vendor/zircote/swagger-php/src/Annotations/AbstractAnnotation.php(592): OpenApi\\Annotations\\Response->validate(Array, Array, '#/paths/1/get/r...', Object(stdClass))
#13 /home/zen/Desktop/todolist/todo-app/vendor/zircote/swagger-php/src/Annotations/AbstractAnnotation.php(598): OpenApi\\Annotations\\AbstractAnnotation::_validate(Array, Array, Array, '#/paths/1/get/r...', Object(stdClass))
#14 /home/zen/Desktop/todolist/todo-app/vendor/zircote/swagger-php/src/Annotations/AbstractAnnotation.php(565): OpenApi\\Annotations\\AbstractAnnotation::_validate(Object(OpenApi\\Annotations\\Get), Array, Array, '#/paths/1/get', Object(stdClass))
#15 /home/zen/Desktop/todolist/todo-app/vendor/zircote/swagger-php/src/Annotations/Operation.php(223): OpenApi\\Annotations\\AbstractAnnotation->validate(Array, Array, '#/paths/1/get', Object(stdClass))
#16 /home/zen/Desktop/todolist/todo-app/vendor/zircote/swagger-php/src/Annotations/AbstractAnnotation.php(592): OpenApi\\Annotations\\Operation->validate(Array, Array, '#/paths/1/get', Object(stdClass))
#17 /home/zen/Desktop/todolist/todo-app/vendor/zircote/swagger-php/src/Annotations/AbstractAnnotation.php(565): OpenApi\\Annotations\\AbstractAnnotation::_validate(Object(OpenApi\\Annotations\\PathItem), Array, Array, '#/paths/1', Object(stdClass))
#18 /home/zen/Desktop/todolist/todo-app/vendor/zircote/swagger-php/src/Annotations/AbstractAnnotation.php(592): OpenApi\\Annotations\\AbstractAnnotation->validate(Array, Array, '#/paths/1', Object(stdClass))
#19 /home/zen/Desktop/todolist/todo-app/vendor/zircote/swagger-php/src/Annotations/AbstractAnnotation.php(598): OpenApi\\Annotations\\AbstractAnnotation::_validate(Array, Array, Array, '#/paths', Object(stdClass))
#20 /home/zen/Desktop/todolist/todo-app/vendor/zircote/swagger-php/src/Annotations/AbstractAnnotation.php(565): OpenApi\\Annotations\\AbstractAnnotation::_validate(Object(OpenApi\\Annotations\\OpenApi), Array, Array, '#', Object(stdClass))
#21 /home/zen/Desktop/todolist/todo-app/vendor/zircote/swagger-php/src/Annotations/OpenApi.php(170): OpenApi\\Annotations\\AbstractAnnotation->validate(Array, Array, '#', Object(stdClass))
#22 /home/zen/Desktop/todolist/todo-app/vendor/zircote/swagger-php/src/Analysis.php(440): OpenApi\\Annotations\\OpenApi->validate()
#23 /home/zen/Desktop/todolist/todo-app/vendor/zircote/swagger-php/src/Generator.php(511): OpenApi\\Analysis->validate()
#24 /home/zen/Desktop/todolist/todo-app/vendor/darkaonline/l5-swagger/src/Generator.php(191): OpenApi\\Generator->generate(Object(Symfony\\Component\\Finder\\Finder), Object(OpenApi\\Analysis))
#25 /home/zen/Desktop/todolist/todo-app/vendor/darkaonline/l5-swagger/src/Generator.php(132): L5Swagger\\Generator->scanFilesForDocumentation()
#26 /home/zen/Desktop/todolist/todo-app/vendor/darkaonline/l5-swagger/src/Console/GenerateDocsCommand.php(72): L5Swagger\\Generator->generateDocs()
#27 /home/zen/Desktop/todolist/todo-app/vendor/darkaonline/l5-swagger/src/Console/GenerateDocsCommand.php(58): L5Swagger\\Console\\GenerateDocsCommand->generateDocumentation(Object(L5Swagger\\GeneratorFactory), 'default')
#28 /home/zen/Desktop/todolist/todo-app/vendor/laravel/framework/src/Illuminate/Container/BoundMethod.php(36): L5Swagger\\Console\\GenerateDocsCommand->handle(Object(L5Swagger\\GeneratorFactory))
#29 /home/zen/Desktop/todolist/todo-app/vendor/laravel/framework/src/Illuminate/Container/Util.php(43): Illuminate\\Container\\BoundMethod::{closure:Illuminate\\Container\\BoundMethod::call():35}()
#30 /home/zen/Desktop/todolist/todo-app/vendor/laravel/framework/src/Illuminate/Container/BoundMethod.php(95): Illuminate\\Container\\Util::unwrapIfClosure(Object(Closure))
#31 /home/zen/Desktop/todolist/todo-app/vendor/laravel/framework/src/Illuminate/Container/BoundMethod.php(35): Illuminate\\Container\\BoundMethod::callBoundMethod(Object(Illuminate\\Foundation\\Application), Array, Object(Closure))
#32 /home/zen/Desktop/todolist/todo-app/vendor/laravel/framework/src/Illuminate/Container/Container.php(694): Illuminate\\Container\\BoundMethod::call(Object(Illuminate\\Foundation\\Application), Array, Array, NULL)
#33 /home/zen/Desktop/todolist/todo-app/vendor/laravel/framework/src/Illuminate/Console/Command.php(213): Illuminate\\Container\\Container->call(Array)
#34 /home/zen/Desktop/todolist/todo-app/vendor/symfony/console/Command/Command.php(279): Illuminate\\Console\\Command->execute(Object(Symfony\\Component\\Console\\Input\\ArgvInput), Object(Illuminate\\Console\\OutputStyle))
#35 /home/zen/Desktop/todolist/todo-app/vendor/laravel/framework/src/Illuminate/Console/Command.php(182): Symfony\\Component\\Console\\Command\\Command->run(Object(Symfony\\Component\\Console\\Input\\ArgvInput), Object(Illuminate\\Console\\OutputStyle))
#36 /home/zen/Desktop/todolist/todo-app/vendor/symfony/console/Application.php(1094): Illuminate\\Console\\Command->run(Object(Symfony\\Component\\Console\\Input\\ArgvInput), Object(Symfony\\Component\\Console\\Output\\ConsoleOutput))
#37 /home/zen/Desktop/todolist/todo-app/vendor/symfony/console/Application.php(342): Symfony\\Component\\Console\\Application->doRunCommand(Object(L5Swagger\\Console\\GenerateDocsCommand), Object(Symfony\\Component\\Console\\Input\\ArgvInput), Object(Symfony\\Component\\Console\\Output\\ConsoleOutput))
#38 /home/zen/Desktop/todolist/todo-app/vendor/symfony/console/Application.php(193): Symfony\\Component\\Console\\Application->doRun(Object(Symfony\\Component\\Console\\Input\\ArgvInput), Object(Symfony\\Component\\Console\\Output\\ConsoleOutput))
#39 /home/zen/Desktop/todolist/todo-app/vendor/laravel/framework/src/Illuminate/Foundation/Console/Kernel.php(198): Symfony\\Component\\Console\\Application->run(Object(Symfony\\Component\\Console\\Input\\ArgvInput), Object(Symfony\\Component\\Console\\Output\\ConsoleOutput))
#40 /home/zen/Desktop/todolist/todo-app/vendor/laravel/framework/src/Illuminate/Foundation/Application.php(1205): Illuminate\\Foundation\\Console\\Kernel->handle(Object(Symfony\\Component\\Console\\Input\\ArgvInput), Object(Symfony\\Component\\Console\\Output\\ConsoleOutput))
#41 /home/zen/Desktop/todolist/todo-app/artisan(13): Illuminate\\Foundation\\Application->handleCommand(Object(Symfony\\Component\\Console\\Input\\ArgvInput))
#42 {main}
"} 
[2024-12-24 06:00:06] local.ERROR: Command "mgrate" is not defined.

Did you mean one of these?
    migrate
    migrate:fresh
    migrate:install
    migrate:refresh
    migrate:reset
    migrate:rollback
    migrate:status {"exception":"[object] (Symfony\\Component\\Console\\Exception\\CommandNotFoundException(code: 0): Command \"mgrate\" is not defined.

Did you mean one of these?
    migrate
    migrate:fresh
    migrate:install
    migrate:refresh
    migrate:reset
    migrate:rollback
    migrate:status at /home/zen/Desktop/todolist/todo-app/vendor/symfony/console/Application.php:726)
[stacktrace]
#0 /home/zen/Desktop/todolist/todo-app/vendor/symfony/console/Application.php(284): Symfony\\Component\\Console\\Application->find('mgrate')
#1 /home/zen/Desktop/todolist/todo-app/vendor/symfony/console/Application.php(193): Symfony\\Component\\Console\\Application->doRun(Object(Symfony\\Component\\Console\\Input\\ArgvInput), Object(Symfony\\Component\\Console\\Output\\ConsoleOutput))
#2 /home/zen/Desktop/todolist/todo-app/vendor/laravel/framework/src/Illuminate/Foundation/Console/Kernel.php(198): Symfony\\Component\\Console\\Application->run(Object(Symfony\\Component\\Console\\Input\\ArgvInput), Object(Symfony\\Component\\Console\\Output\\ConsoleOutput))
#3 /home/zen/Desktop/todolist/todo-app/vendor/laravel/framework/src/Illuminate/Foundation/Application.php(1205): Illuminate\\Foundation\\Console\\Kernel->handle(Object(Symfony\\Component\\Console\\Input\\ArgvInput), Object(Symfony\\Component\\Console\\Output\\ConsoleOutput))
#4 /home/zen/Desktop/todolist/todo-app/artisan(13): Illuminate\\Foundation\\Application->handleCommand(Object(Symfony\\Component\\Console\\Input\\ArgvInput))
#5 {main}
"} 
